[0.025s] Invoking command in '/home/jarothenberg/Documents/GitHub/RBE550-Quadruped/build/custom_interface': CMAKE_PREFIX_PATH=${CMAKE_PREFIX_PATH}:/home/jarothenberg/Documents/GitHub/RBE550-Quadruped/install/robot_sim:/home/jarothenberg/Documents/GitHub/RBE550-Quadruped/install/robot_description:/home/jarothenberg/Documents/GitHub/RBE550-Quadruped/install/py_pubsub:/home/jarothenberg/Documents/GitHub/RBE550-Quadruped/install/leg_controls:/opt/ros/jazzy DEBUGINFOD_URLS=https://debuginfod.ubuntu.com PS1=\[\e]0;\u@\h: \w\a\]${debian_chroot:+($debian_chroot)}\[\033[01;32m\]\u@\h\[\033[00m\]:\[\033[01;34m\]\w\[\033[00m\]\$ /usr/bin/cmake /home/jarothenberg/Documents/GitHub/RBE550-Quadruped/src/custom_interface -DCMAKE_INSTALL_PREFIX=/home/jarothenberg/Documents/GitHub/RBE550-Quadruped/install/custom_interface
[0.334s] -- Found ament_cmake: 2.5.2 (/opt/ros/jazzy/share/ament_cmake/cmake)
[0.343s] -- Found rosidl_default_generators: 1.6.0 (/opt/ros/jazzy/share/rosidl_default_generators/cmake)
[0.347s] -- Using all available rosidl_typesupport_c: rosidl_typesupport_fastrtps_c;rosidl_typesupport_introspection_c
[0.399s] -- Using all available rosidl_typesupport_cpp: rosidl_typesupport_fastrtps_cpp;rosidl_typesupport_introspection_cpp
[0.438s] -- Found rosidl_adapter: 4.6.4 (/opt/ros/jazzy/share/rosidl_adapter/cmake)
[0.440s] -- Found geometry_msgs: 5.3.5 (/opt/ros/jazzy/share/geometry_msgs/cmake)
[0.761s] [31mCMake Error at /opt/ros/jazzy/share/rosidl_adapter/cmake/rosidl_adapt_interfaces.cmake:57 (message):
[0.762s]   execute_process(/home/jarothenberg/bin/python3 -m rosidl_adapter
[0.762s]   --package-name custom_interface --arguments-file
[0.762s]   /home/jarothenberg/Documents/GitHub/RBE550-Quadruped/build/custom_interface/rosidl_adapter__arguments__custom_interface.json
[0.762s]   --output-dir
[0.762s]   /home/jarothenberg/Documents/GitHub/RBE550-Quadruped/build/custom_interface/rosidl_adapter/custom_interface
[0.762s]   --output-file
[0.762s]   /home/jarothenberg/Documents/GitHub/RBE550-Quadruped/build/custom_interface/rosidl_adapter/custom_interface.idls)
[0.762s]   returned error code 1:
[0.762s] 
[0.762s]   AttributeError processing template 'msg.idl.em'
[0.762s] 
[0.762s]   Traceback (most recent call last):
[0.763s] 
[0.763s]     File "/opt/ros/jazzy/lib/python3.12/site-packages/rosidl_adapter/resource/__init__.py", line 51, in evaluate_template
[0.763s]       em.BUFFERED_OPT: True,
[0.763s]       ^^^^^^^^^^^^^^^
[0.763s] 
[0.763s]   AttributeError: module 'em' has no attribute 'BUFFERED_OPT'
[0.763s] 
[0.763s] 
[0.763s] 
[0.764s]   During handling of the above exception, another exception occurred:
[0.764s] 
[0.764s] 
[0.764s] 
[0.764s]   Traceback (most recent call last):
[0.764s] 
[0.764s]     File "<frozen runpy>", line 198, in _run_module_as_main
[0.764s]     File "<frozen runpy>", line 88, in _run_code
[0.764s]     File "/opt/ros/jazzy/lib/python3.12/site-packages/rosidl_adapter/__main__.py", line 19, in <module>
[0.764s]       sys.exit(main())
[0.764s]                ^^^^^^
[0.764s]     File "/opt/ros/jazzy/lib/python3.12/site-packages/rosidl_adapter/main.py", line 53, in main
[0.764s]       abs_idl_file = convert_to_idl(
[0.765s]                      ^^^^^^^^^^^^^^^
[0.765s]     File "/opt/ros/jazzy/lib/python3.12/site-packages/rosidl_adapter/__init__.py", line 19, in convert_to_idl
[0.765s]       return convert_msg_to_idl(
[0.765s]              ^^^^^^^^^^^^^^^^^^^
[0.765s]     File "/opt/ros/jazzy/lib/python3.12/site-packages/rosidl_adapter/msg/__init__.py", line 39, in convert_msg_to_idl
[0.765s]       expand_template('msg.idl.em', data, output_file, encoding='iso-8859-1')
[0.765s]     File "/opt/ros/jazzy/lib/python3.12/site-packages/rosidl_adapter/resource/__init__.py", line 23, in expand_template
[0.765s]       content = evaluate_template(template_name, data)
[0.765s]                 ^^^^^^^^^^^^^^^^^^^^^^^^^^^^^^^^^^^^^^
[0.765s]     File "/opt/ros/jazzy/lib/python3.12/site-packages/rosidl_adapter/resource/__init__.py", line 69, in evaluate_template
[0.765s]       _interpreter.shutdown()
[0.765s]       ^^^^^^^^^^^^^^^^^^^^^
[0.765s] 
[0.765s]   AttributeError: 'NoneType' object has no attribute 'shutdown'
[0.766s] 
[0.766s] Call Stack (most recent call first):
[0.766s]   /opt/ros/jazzy/share/rosidl_cmake/cmake/rosidl_generate_interfaces.cmake:132 (rosidl_adapt_interfaces)
[0.766s]   CMakeLists.txt:16 (rosidl_generate_interfaces)
[0.766s] 
[0.766s] [0m
[0.766s] -- Configuring incomplete, errors occurred!
[0.771s] Invoked command in '/home/jarothenberg/Documents/GitHub/RBE550-Quadruped/build/custom_interface' returned '1': CMAKE_PREFIX_PATH=${CMAKE_PREFIX_PATH}:/home/jarothenberg/Documents/GitHub/RBE550-Quadruped/install/robot_sim:/home/jarothenberg/Documents/GitHub/RBE550-Quadruped/install/robot_description:/home/jarothenberg/Documents/GitHub/RBE550-Quadruped/install/py_pubsub:/home/jarothenberg/Documents/GitHub/RBE550-Quadruped/install/leg_controls:/opt/ros/jazzy DEBUGINFOD_URLS=https://debuginfod.ubuntu.com PS1=\[\e]0;\u@\h: \w\a\]${debian_chroot:+($debian_chroot)}\[\033[01;32m\]\u@\h\[\033[00m\]:\[\033[01;34m\]\w\[\033[00m\]\$ /usr/bin/cmake /home/jarothenberg/Documents/GitHub/RBE550-Quadruped/src/custom_interface -DCMAKE_INSTALL_PREFIX=/home/jarothenberg/Documents/GitHub/RBE550-Quadruped/install/custom_interface
