[0.000000] (-) TimerEvent: {}
[0.000617] (custom_interface) JobQueued: {'identifier': 'custom_interface', 'dependencies': OrderedDict()}
[0.000686] (robot_description) JobQueued: {'identifier': 'robot_description', 'dependencies': OrderedDict()}
[0.000715] (robot_sim) JobQueued: {'identifier': 'robot_sim', 'dependencies': OrderedDict()}
[0.000738] (leg_controls) JobQueued: {'identifier': 'leg_controls', 'dependencies': OrderedDict({'custom_interface': '/home/jarothenberg/Documents/GitHub/RBE550-Quadruped/install/custom_interface'})}
[0.000768] (sensors) JobQueued: {'identifier': 'sensors', 'dependencies': OrderedDict({'custom_interface': '/home/jarothenberg/Documents/GitHub/RBE550-Quadruped/install/custom_interface'})}
[0.000793] (custom_interface) JobStarted: {'identifier': 'custom_interface'}
[0.006254] (robot_description) JobStarted: {'identifier': 'robot_description'}
[0.012672] (robot_sim) JobStarted: {'identifier': 'robot_sim'}
[0.022248] (custom_interface) JobProgress: {'identifier': 'custom_interface', 'progress': 'cmake'}
[0.023377] (custom_interface) Command: {'cmd': ['/usr/bin/cmake', '/home/jarothenberg/Documents/GitHub/RBE550-Quadruped/src/custom_interface', '-DCMAKE_INSTALL_PREFIX=/home/jarothenberg/Documents/GitHub/RBE550-Quadruped/install/custom_interface'], 'cwd': '/home/jarothenberg/Documents/GitHub/RBE550-Quadruped/build/custom_interface', 'env': OrderedDict({'GJS_DEBUG_TOPICS': 'JS ERROR;JS LOG', 'XDG_ACTIVATION_TOKEN': 'gnome-shell/Terminator/4921-0-JACK-PRECISION_TIME358248', 'LESSOPEN': '| /usr/bin/lesspipe %s', 'USER': 'jarothenberg', 'GZ_CONFIG_PATH': '/opt/ros/jazzy/opt/gz_sim_vendor/share/gz:/opt/ros/jazzy/opt/sdformat_vendor/share/gz:/opt/ros/jazzy/opt/gz_gui_vendor/share/gz:/opt/ros/jazzy/opt/gz_transport_vendor/share/gz:/opt/ros/jazzy/opt/gz_rendering_vendor/share/gz:/opt/ros/jazzy/opt/gz_plugin_vendor/share/gz:/opt/ros/jazzy/opt/gz_fuel_tools_vendor/share/gz:/opt/ros/jazzy/opt/gz_msgs_vendor/share/gz:/opt/ros/jazzy/opt/gz_common_vendor/share/gz', 'XDG_SESSION_TYPE': 'x11', 'SHLVL': '1', 'LD_LIBRARY_PATH': '/opt/ros/jazzy/opt/gz_sim_vendor/lib:/opt/ros/jazzy/opt/gz_sensors_vendor/lib:/opt/ros/jazzy/opt/gz_physics_vendor/lib:/opt/ros/jazzy/opt/sdformat_vendor/lib:/opt/ros/jazzy/opt/rviz_ogre_vendor/lib:/opt/ros/jazzy/lib/x86_64-linux-gnu:/opt/ros/jazzy/opt/gz_gui_vendor/lib:/opt/ros/jazzy/opt/gz_transport_vendor/lib:/opt/ros/jazzy/opt/gz_rendering_vendor/lib:/opt/ros/jazzy/opt/gz_plugin_vendor/lib:/opt/ros/jazzy/opt/gz_fuel_tools_vendor/lib:/opt/ros/jazzy/opt/gz_msgs_vendor/lib:/opt/ros/jazzy/opt/gz_common_vendor/lib:/opt/ros/jazzy/opt/gz_math_vendor/lib:/opt/ros/jazzy/opt/gz_utils_vendor/lib:/opt/ros/jazzy/opt/gz_tools_vendor/lib:/opt/ros/jazzy/opt/gz_ogre_next_vendor/lib:/opt/ros/jazzy/opt/gz_dartsim_vendor/lib:/opt/ros/jazzy/opt/gz_cmake_vendor/lib:/opt/ros/jazzy/lib', 'HOME': '/home/jarothenberg', 'OLDPWD': '/home/jarothenberg/Documents/GitHub/RBE550-Quadruped/src/robot_sim/launch', 'DESKTOP_SESSION': 'ubuntu', 'GIO_LAUNCHED_DESKTOP_FILE': '/usr/share/applications/terminator.desktop', 'ROS_PYTHON_VERSION': '3', 'GNOME_SHELL_SESSION_MODE': 'ubuntu', 'GTK_MODULES': 'gail:atk-bridge', 'PS1': '\\[\\e]0;\\u@\\h: \\w\\a\\]${debian_chroot:+($debian_chroot)}\\[\\033[01;32m\\]\\u@\\h\\[\\033[00m\\]:\\[\\033[01;34m\\]\\w\\[\\033[00m\\]\\$', 'MANAGERPID': '4323', 'SYSTEMD_EXEC_PID': '4921', 'GSM_SKIP_SSH_AGENT_WORKAROUND': 'true', 'DBUS_SESSION_BUS_ADDRESS': 'unix:path=/run/user/1001/bus', 'COLORTERM': 'truecolor', 'TERMINATOR_DBUS_NAME': 'net.tenshu.Terminator23558193cd9818af7fe4d2c2f5bd9d00f', 'GIO_LAUNCHED_DESKTOP_FILE_PID': '5937', 'DEBUGINFOD_URLS': 'https://debuginfod.ubuntu.com', 'MANDATORY_PATH': '/usr/share/gconf/ubuntu.mandatory.path', 'IM_CONFIG_PHASE': '1', 'COLCON_PREFIX_PATH': '/home/jarothenberg/Documents/GitHub/RBE550-Quadruped/install', 'ROS_DISTRO': 'jazzy', 'LOGNAME': 'jarothenberg', 'JOURNAL_STREAM': '8:46606', '_': '/usr/bin/colcon', 'ROS_VERSION': '2', 'MEMORY_PRESSURE_WATCH': '/sys/fs/cgroup/user.slice/user-1001.slice/user@1001.service/session.slice/org.gnome.Shell@x11.service/memory.pressure', 'XDG_SESSION_CLASS': 'user', 'DEFAULTS_PATH': '/usr/share/gconf/ubuntu.default.path', 'USERNAME': 'jarothenberg', 'TERM': 'xterm-256color', 'GNOME_DESKTOP_SESSION_ID': 'this-is-deprecated', 'WINDOWPATH': '2', 'PATH': '/opt/ros/jazzy/opt/gz_msgs_vendor/bin:/opt/ros/jazzy/opt/gz_tools_vendor/bin:/opt/ros/jazzy/opt/gz_ogre_next_vendor/bin:/opt/ros/jazzy/bin:/home/jarothenberg/.local/bin:/home/jarothenberg/bin:/usr/local/sbin:/usr/local/bin:/usr/sbin:/usr/bin:/sbin:/bin:/usr/games:/usr/local/games:/snap/bin:/snap/bin:/home/jarothenberg/bin', 'SESSION_MANAGER': 'local/JACK-PRECISION:@/tmp/.ICE-unix/4877,unix/JACK-PRECISION:/tmp/.ICE-unix/4877', 'INVOCATION_ID': '8ccbd8c0d7ba4fc48514af9b5303fb26', 'XDG_MENU_PREFIX': 'gnome-', 'XDG_RUNTIME_DIR': '/run/user/1001', 'DISPLAY': ':1', 'TERMINATOR_DBUS_PATH': '/net/tenshu/Terminator2', 'LANG': 'en_US.UTF-8', 'XDG_CURRENT_DESKTOP': 'ubuntu:GNOME', 'XMODIFIERS': '@im=ibus', 'XDG_SESSION_DESKTOP': 'ubuntu', 'XAUTHORITY': '/run/user/1001/gdm/Xauthority', 'LS_COLORS': 'rs=0:di=01;34:ln=01;36:mh=00:pi=40;33:so=01;35:do=01;35:bd=40;33;01:cd=40;33;01:or=40;31;01:mi=00:su=37;41:sg=30;43:ca=00:tw=30;42:ow=34;42:st=37;44:ex=01;32:*.tar=01;31:*.tgz=01;31:*.arc=01;31:*.arj=01;31:*.taz=01;31:*.lha=01;31:*.lz4=01;31:*.lzh=01;31:*.lzma=01;31:*.tlz=01;31:*.txz=01;31:*.tzo=01;31:*.t7z=01;31:*.zip=01;31:*.z=01;31:*.dz=01;31:*.gz=01;31:*.lrz=01;31:*.lz=01;31:*.lzo=01;31:*.xz=01;31:*.zst=01;31:*.tzst=01;31:*.bz2=01;31:*.bz=01;31:*.tbz=01;31:*.tbz2=01;31:*.tz=01;31:*.deb=01;31:*.rpm=01;31:*.jar=01;31:*.war=01;31:*.ear=01;31:*.sar=01;31:*.rar=01;31:*.alz=01;31:*.ace=01;31:*.zoo=01;31:*.cpio=01;31:*.7z=01;31:*.rz=01;31:*.cab=01;31:*.wim=01;31:*.swm=01;31:*.dwm=01;31:*.esd=01;31:*.avif=01;35:*.jpg=01;35:*.jpeg=01;35:*.mjpg=01;35:*.mjpeg=01;35:*.gif=01;35:*.bmp=01;35:*.pbm=01;35:*.pgm=01;35:*.ppm=01;35:*.tga=01;35:*.xbm=01;35:*.xpm=01;35:*.tif=01;35:*.tiff=01;35:*.png=01;35:*.svg=01;35:*.svgz=01;35:*.mng=01;35:*.pcx=01;35:*.mov=01;35:*.mpg=01;35:*.mpeg=01;35:*.m2v=01;35:*.mkv=01;35:*.webm=01;35:*.webp=01;35:*.ogm=01;35:*.mp4=01;35:*.m4v=01;35:*.mp4v=01;35:*.vob=01;35:*.qt=01;35:*.nuv=01;35:*.wmv=01;35:*.asf=01;35:*.rm=01;35:*.rmvb=01;35:*.flc=01;35:*.avi=01;35:*.fli=01;35:*.flv=01;35:*.gl=01;35:*.dl=01;35:*.xcf=01;35:*.xwd=01;35:*.yuv=01;35:*.cgm=01;35:*.emf=01;35:*.ogv=01;35:*.ogx=01;35:*.aac=00;36:*.au=00;36:*.flac=00;36:*.m4a=00;36:*.mid=00;36:*.midi=00;36:*.mka=00;36:*.mp3=00;36:*.mpc=00;36:*.ogg=00;36:*.ra=00;36:*.wav=00;36:*.oga=00;36:*.opus=00;36:*.spx=00;36:*.xspf=00;36:*~=00;90:*#=00;90:*.bak=00;90:*.crdownload=00;90:*.dpkg-dist=00;90:*.dpkg-new=00;90:*.dpkg-old=00;90:*.dpkg-tmp=00;90:*.old=00;90:*.orig=00;90:*.part=00;90:*.rej=00;90:*.rpmnew=00;90:*.rpmorig=00;90:*.rpmsave=00;90:*.swp=00;90:*.tmp=00;90:*.ucf-dist=00;90:*.ucf-new=00;90:*.ucf-old=00;90:', 'SSH_AUTH_SOCK': '/run/user/1001/keyring/ssh', 'AMENT_PREFIX_PATH': '/home/jarothenberg/Documents/GitHub/RBE550-Quadruped/install/robot_sim:/home/jarothenberg/Documents/GitHub/RBE550-Quadruped/install/robot_description:/home/jarothenberg/Documents/GitHub/RBE550-Quadruped/install/py_pubsub:/home/jarothenberg/Documents/GitHub/RBE550-Quadruped/install/leg_controls:/opt/ros/jazzy', 'SHELL': '/bin/bash', 'TERMINATOR_UUID': 'urn:uuid:14acff45-83ec-449d-98bc-fcf19dc85462', 'QT_ACCESSIBILITY': '1', 'GDMSESSION': 'ubuntu', 'LESSCLOSE': '/usr/bin/lesspipe %s %s', 'GPG_AGENT_INFO': '/run/user/1001/gnupg/S.gpg-agent:0:1', 'GJS_DEBUG_OUTPUT': 'stderr', 'ROS_AUTOMATIC_DISCOVERY_RANGE': 'SUBNET', 'QT_IM_MODULE': 'ibus', 'PWD': '/home/jarothenberg/Documents/GitHub/RBE550-Quadruped/build/custom_interface', 'LC_ALL': 'en_US.UTF-8', 'XDG_CONFIG_DIRS': '/etc/xdg/xdg-ubuntu:/etc/xdg', 'XDG_DATA_DIRS': '/usr/share/ubuntu:/usr/share/gnome:/home/jarothenberg/.local/share/flatpak/exports/share:/var/lib/flatpak/exports/share:/usr/local/share/:/usr/share/:/var/lib/snapd/desktop', 'QTWEBENGINE_DICTIONARIES_PATH': '/usr/share/hunspell-bdic/', 'PYTHONPATH': '/home/jarothenberg/Documents/GitHub/RBE550-Quadruped/install/robot_sim/lib/python3.12/site-packages:/home/jarothenberg/Documents/GitHub/RBE550-Quadruped/install/robot_description/lib/python3.12/site-packages:/home/jarothenberg/Documents/GitHub/RBE550-Quadruped/install/py_pubsub/lib/python3.12/site-packages:/home/jarothenberg/Documents/GitHub/RBE550-Quadruped/install/leg_controls/lib/python3.12/site-packages:/opt/ros/jazzy/lib/python3.12/site-packages', 'COLCON': '1', 'MEMORY_PRESSURE_WRITE': 'c29tZSAyMDAwMDAgMjAwMDAwMAA=', 'VTE_VERSION': '7600', 'EDITOR': 'nano -w', 'CMAKE_PREFIX_PATH': '/opt/ros/jazzy/opt/gz_sim_vendor:/opt/ros/jazzy/opt/gz_sensors_vendor:/opt/ros/jazzy/opt/gz_physics_vendor:/opt/ros/jazzy/opt/sdformat_vendor:/opt/ros/jazzy/opt/gz_gui_vendor:/opt/ros/jazzy/opt/gz_transport_vendor:/opt/ros/jazzy/opt/gz_rendering_vendor:/opt/ros/jazzy/opt/gz_plugin_vendor:/opt/ros/jazzy/opt/gz_fuel_tools_vendor:/opt/ros/jazzy/opt/gz_msgs_vendor:/opt/ros/jazzy/opt/gz_common_vendor:/opt/ros/jazzy/opt/gz_math_vendor:/opt/ros/jazzy/opt/gz_utils_vendor:/opt/ros/jazzy/opt/gz_tools_vendor:/opt/ros/jazzy/opt/gz_ogre_next_vendor:/opt/ros/jazzy/opt/gz_dartsim_vendor:/opt/ros/jazzy/opt/gz_cmake_vendor:/home/jarothenberg/Documents/GitHub/RBE550-Quadruped/install/robot_sim:/home/jarothenberg/Documents/GitHub/RBE550-Quadruped/install/robot_description:/home/jarothenberg/Documents/GitHub/RBE550-Quadruped/install/py_pubsub:/home/jarothenberg/Documents/GitHub/RBE550-Quadruped/install/leg_controls:/opt/ros/jazzy'}), 'shell': False}
[0.099632] (-) TimerEvent: {}
[0.200027] (-) TimerEvent: {}
[0.300365] (-) TimerEvent: {}
[0.334555] (custom_interface) StdoutLine: {'line': b'-- Found ament_cmake: 2.5.2 (/opt/ros/jazzy/share/ament_cmake/cmake)\n'}
[0.343791] (custom_interface) StdoutLine: {'line': b'-- Found rosidl_default_generators: 1.6.0 (/opt/ros/jazzy/share/rosidl_default_generators/cmake)\n'}
[0.347847] (custom_interface) StdoutLine: {'line': b'-- Using all available rosidl_typesupport_c: rosidl_typesupport_fastrtps_c;rosidl_typesupport_introspection_c\n'}
[0.399173] (custom_interface) StdoutLine: {'line': b'-- Using all available rosidl_typesupport_cpp: rosidl_typesupport_fastrtps_cpp;rosidl_typesupport_introspection_cpp\n'}
[0.400431] (-) TimerEvent: {}
[0.438326] (custom_interface) StdoutLine: {'line': b'-- Found rosidl_adapter: 4.6.4 (/opt/ros/jazzy/share/rosidl_adapter/cmake)\n'}
[0.440462] (custom_interface) StdoutLine: {'line': b'-- Found geometry_msgs: 5.3.5 (/opt/ros/jazzy/share/geometry_msgs/cmake)\n'}
[0.500610] (-) TimerEvent: {}
[0.600876] (-) TimerEvent: {}
[0.701256] (-) TimerEvent: {}
[0.761970] (custom_interface) StderrLine: {'line': b'\x1b[31mCMake Error at /opt/ros/jazzy/share/rosidl_adapter/cmake/rosidl_adapt_interfaces.cmake:57 (message):\n'}
[0.762277] (custom_interface) StderrLine: {'line': b'  execute_process(/home/jarothenberg/bin/python3 -m rosidl_adapter\n'}
[0.762385] (custom_interface) StderrLine: {'line': b'  --package-name custom_interface --arguments-file\n'}
[0.762480] (custom_interface) StderrLine: {'line': b'  /home/jarothenberg/Documents/GitHub/RBE550-Quadruped/build/custom_interface/rosidl_adapter__arguments__custom_interface.json\n'}
[0.762565] (custom_interface) StderrLine: {'line': b'  --output-dir\n'}
[0.762639] (custom_interface) StderrLine: {'line': b'  /home/jarothenberg/Documents/GitHub/RBE550-Quadruped/build/custom_interface/rosidl_adapter/custom_interface\n'}
[0.762717] (custom_interface) StderrLine: {'line': b'  --output-file\n'}
[0.762790] (custom_interface) StderrLine: {'line': b'  /home/jarothenberg/Documents/GitHub/RBE550-Quadruped/build/custom_interface/rosidl_adapter/custom_interface.idls)\n'}
[0.762859] (custom_interface) StderrLine: {'line': b'  returned error code 1:\n'}
[0.762937] (custom_interface) StderrLine: {'line': b'\n'}
[0.763020] (custom_interface) StderrLine: {'line': b"  AttributeError processing template 'msg.idl.em'\n"}
[0.763105] (custom_interface) StderrLine: {'line': b'\n'}
[0.763185] (custom_interface) StderrLine: {'line': b'  Traceback (most recent call last):\n'}
[0.763278] (custom_interface) StderrLine: {'line': b'\n'}
[0.763359] (custom_interface) StderrLine: {'line': b'    File "/opt/ros/jazzy/lib/python3.12/site-packages/rosidl_adapter/resource/__init__.py", line 51, in evaluate_template\n'}
[0.763725] (custom_interface) StderrLine: {'line': b'      em.BUFFERED_OPT: True,\n'}
[0.763824] (custom_interface) StderrLine: {'line': b'      ^^^^^^^^^^^^^^^\n'}
[0.763903] (custom_interface) StderrLine: {'line': b'\n'}
[0.763982] (custom_interface) StderrLine: {'line': b"  AttributeError: module 'em' has no attribute 'BUFFERED_OPT'\n"}
[0.764059] (custom_interface) StderrLine: {'line': b'\n'}
[0.764135] (custom_interface) StderrLine: {'line': b'\n'}
[0.764220] (custom_interface) StderrLine: {'line': b'\n'}
[0.764305] (custom_interface) StderrLine: {'line': b'  During handling of the above exception, another exception occurred:\n'}
[0.764378] (custom_interface) StderrLine: {'line': b'\n'}
[0.764450] (custom_interface) StderrLine: {'line': b'\n'}
[0.764522] (custom_interface) StderrLine: {'line': b'\n'}
[0.764591] (custom_interface) StderrLine: {'line': b'  Traceback (most recent call last):\n'}
[0.764664] (custom_interface) StderrLine: {'line': b'\n'}
[0.764738] (custom_interface) StderrLine: {'line': b'    File "<frozen runpy>", line 198, in _run_module_as_main\n'}
[0.764813] (custom_interface) StderrLine: {'line': b'    File "<frozen runpy>", line 88, in _run_code\n'}
[0.764886] (custom_interface) StderrLine: {'line': b'    File "/opt/ros/jazzy/lib/python3.12/site-packages/rosidl_adapter/__main__.py", line 19, in <module>\n'}
[0.764957] (custom_interface) StderrLine: {'line': b'      sys.exit(main())\n'}
[0.765030] (custom_interface) StderrLine: {'line': b'               ^^^^^^\n'}
[0.765100] (custom_interface) StderrLine: {'line': b'    File "/opt/ros/jazzy/lib/python3.12/site-packages/rosidl_adapter/main.py", line 53, in main\n'}
[0.765174] (custom_interface) StderrLine: {'line': b'      abs_idl_file = convert_to_idl(\n'}
[0.765260] (custom_interface) StderrLine: {'line': b'                     ^^^^^^^^^^^^^^^\n'}
[0.765332] (custom_interface) StderrLine: {'line': b'    File "/opt/ros/jazzy/lib/python3.12/site-packages/rosidl_adapter/__init__.py", line 19, in convert_to_idl\n'}
[0.765400] (custom_interface) StderrLine: {'line': b'      return convert_msg_to_idl(\n'}
[0.765472] (custom_interface) StderrLine: {'line': b'             ^^^^^^^^^^^^^^^^^^^\n'}
[0.765542] (custom_interface) StderrLine: {'line': b'    File "/opt/ros/jazzy/lib/python3.12/site-packages/rosidl_adapter/msg/__init__.py", line 39, in convert_msg_to_idl\n'}
[0.765613] (custom_interface) StderrLine: {'line': b"      expand_template('msg.idl.em', data, output_file, encoding='iso-8859-1')\n"}
[0.765685] (custom_interface) StderrLine: {'line': b'    File "/opt/ros/jazzy/lib/python3.12/site-packages/rosidl_adapter/resource/__init__.py", line 23, in expand_template\n'}
[0.765758] (custom_interface) StderrLine: {'line': b'      content = evaluate_template(template_name, data)\n'}
[0.765830] (custom_interface) StderrLine: {'line': b'                ^^^^^^^^^^^^^^^^^^^^^^^^^^^^^^^^^^^^^^\n'}
[0.765900] (custom_interface) StderrLine: {'line': b'    File "/opt/ros/jazzy/lib/python3.12/site-packages/rosidl_adapter/resource/__init__.py", line 69, in evaluate_template\n'}
[0.765971] (custom_interface) StderrLine: {'line': b'      _interpreter.shutdown()\n'}
[0.766039] (custom_interface) StderrLine: {'line': b'      ^^^^^^^^^^^^^^^^^^^^^\n'}
[0.766126] (custom_interface) StderrLine: {'line': b'\n'}
[0.766195] (custom_interface) StderrLine: {'line': b"  AttributeError: 'NoneType' object has no attribute 'shutdown'\n"}
[0.766275] (custom_interface) StderrLine: {'line': b'\n'}
[0.766347] (custom_interface) StderrLine: {'line': b'Call Stack (most recent call first):\n'}
[0.766416] (custom_interface) StderrLine: {'line': b'  /opt/ros/jazzy/share/rosidl_cmake/cmake/rosidl_generate_interfaces.cmake:132 (rosidl_adapt_interfaces)\n'}
[0.766484] (custom_interface) StderrLine: {'line': b'  CMakeLists.txt:16 (rosidl_generate_interfaces)\n'}
[0.766556] (custom_interface) StderrLine: {'line': b'\n'}
[0.766626] (custom_interface) StderrLine: {'line': b'\x1b[0m\n'}
[0.766701] (custom_interface) StdoutLine: {'line': b'-- Configuring incomplete, errors occurred!\n'}
[0.770657] (custom_interface) CommandEnded: {'returncode': 1}
[0.799901] (custom_interface) JobEnded: {'identifier': 'custom_interface', 'rc': 1}
[0.801382] (-) TimerEvent: {}
[0.901666] (-) TimerEvent: {}
[1.002014] (-) TimerEvent: {}
[1.102351] (-) TimerEvent: {}
[1.202698] (-) TimerEvent: {}
[1.303032] (-) TimerEvent: {}
[1.394189] (robot_sim) JobEnded: {'identifier': 'robot_sim', 'rc': 'SIGINT'}
[1.396754] (robot_description) JobEnded: {'identifier': 'robot_description', 'rc': 'SIGINT'}
[1.403298] (-) TimerEvent: {}
[1.407198] (leg_controls) JobSkipped: {'identifier': 'leg_controls'}
[1.407286] (sensors) JobSkipped: {'identifier': 'sensors'}
[1.407314] (-) EventReactorShutdown: {}
