[0.008s] Invoking command in '/home/scott-pena/GitHub/RBE550-Quadruped/build/custom_interface': DEBUGINFOD_URLS=https://debuginfod.ubuntu.com /usr/bin/cmake --build /home/scott-pena/GitHub/RBE550-Quadruped/build/custom_interface -- -j24 -l24
[0.173s] -- Found ament_cmake: 2.5.2 (/opt/ros/jazzy/share/ament_cmake/cmake)
[0.240s] -- Found Python3: /usr/bin/python3 (found version "3.12.3") found components: Interpreter 
[0.317s] Traceback (most recent call last):
[0.317s]   File "/opt/ros/jazzy/share/ament_cmake_core/cmake/package_templates/templates_2_cmake.py", line 21, in <module>
[0.318s]     from ament_package.templates import get_environment_hook_template_path
[0.318s] ModuleNotFoundError: No module named 'ament_package'
[0.327s] [31mCMake Error at /opt/ros/jazzy/share/ament_cmake_core/cmake/ament_cmake_package_templates-extras.cmake:41 (message):
[0.327s]   execute_process(/usr/bin/python3
[0.327s]   /opt/ros/jazzy/share/ament_cmake_core/cmake/package_templates/templates_2_cmake.py
[0.328s]   /home/scott-pena/GitHub/RBE550-Quadruped/build/custom_interface/ament_cmake_package_templates/templates.cmake)
[0.328s]   returned error code 1
[0.328s] Call Stack (most recent call first):
[0.328s]   /opt/ros/jazzy/share/ament_cmake_core/cmake/ament_cmake_coreConfig.cmake:41 (include)
[0.328s]   /opt/ros/jazzy/share/ament_cmake/cmake/ament_cmake_export_dependencies-extras.cmake:15 (find_package)
[0.328s]   /opt/ros/jazzy/share/ament_cmake/cmake/ament_cmakeConfig.cmake:41 (include)
[0.328s]   CMakeLists.txt:9 (find_package)
[0.328s] 
[0.328s] [0m
[0.328s] -- Configuring incomplete, errors occurred!
[0.331s] gmake: *** [Makefile:815: cmake_check_build_system] Error 1
[0.333s] Invoked command in '/home/scott-pena/GitHub/RBE550-Quadruped/build/custom_interface' returned '2': DEBUGINFOD_URLS=https://debuginfod.ubuntu.com /usr/bin/cmake --build /home/scott-pena/GitHub/RBE550-Quadruped/build/custom_interface -- -j24 -l24
